<?xml version="1.0" encoding="UTF-8"?>
<Site BuildName="Linux-g++"
	BuildStamp="20220405-1023-Experimental"
	Name="npl-linux"
	Generator="ctest-3.16.3"
	CompilerName="/usr/bin/g++"
	CompilerVersion="9.4.0"
	OSName="Linux"
	Hostname="npl-linux"
	OSRelease="5.13.0-39-generic"
	OSVersion="#44~20.04.1-Ubuntu SMP Thu Mar 24 16:43:35 UTC 2022"
	OSPlatform="x86_64"
	Is64Bits="1"
	VendorString="GenuineIntel"
	VendorID="Intel Corporation"
	FamilyID="6"
	ModelID="158"
	ProcessorCacheSize="8192"
	NumberOfLogicalCPU="1"
	NumberOfPhysicalCPU="1"
	TotalVirtualMemory="448"
	TotalPhysicalMemory="7952"
	LogicalProcessorsPerPhysical="1"
	ProcessorClockFrequency="3312"
	>
	<Testing>
		<StartDateTime>Apr 05 12:23 CEST</StartDateTime>
		<StartTestTime>1649154238</StartTestTime>
		<TestList/>
		<EndDateTime>Apr 05 12:23 CEST</EndDateTime>
		<EndTestTime>1649154238</EndTestTime>
		<ElapsedMinutes>0</ElapsedMinutes>
	</Testing>
</Site>
